 ⨯ [Error: Cannot find module './447.js'
Require stack:
- C:\Dev\ZsxqCrawler\frontend\.next\server\webpack-runtime.js
- C:\Dev\ZsxqCrawler\frontend\.next\server\pages\_document.js
- C:\Dev\ZsxqCrawler\frontend\node_modules\next\dist\server\require.js
- C:\Dev\ZsxqCrawler\frontend\node_modules\next\dist\server\load-components.js
- C:\Dev\ZsxqCrawler\frontend\node_modules\next\dist\build\utils.js
- C:\Dev\ZsxqCrawler\frontend\node_modules\next\dist\build\swc\options.js
- C:\Dev\ZsxqCrawler\frontend\node_modules\next\dist\build\swc\index.js
- C:\Dev\ZsxqCrawler\frontend\node_modules\next\dist\build\next-config-ts\transpile-config.js
- C:\Dev\ZsxqCrawler\frontend\node_modules\next\dist\server\config.js
- C:\Dev\ZsxqCrawler\frontend\node_modules\next\dist\cli\next-test.js
- C:\Dev\ZsxqCrawler\frontend\node_modules\next\dist\bin\next] {
  code: 'MODULE_NOT_FOUND',
  requireStack: [Array]
}
 ⨯ [Error: Cannot find module './548.js'
Require stack:
- C:\Dev\ZsxqCrawler\frontend\.next\server\webpack-runtime.js
- C:\Dev\ZsxqCrawler\frontend\.next\server\pages\_document.js
- C:\Dev\ZsxqCrawler\frontend\node_modules\next\dist\server\require.js
- C:\Dev\ZsxqCrawler\frontend\node_modules\next\dist\server\load-components.js
- C:\Dev\ZsxqCrawler\frontend\node_modules\next\dist\build\utils.js
- C:\Dev\ZsxqCrawler\frontend\node_modules\next\dist\build\swc\options.js
- C:\Dev\ZsxqCrawler\frontend\node_modules\next\dist\build\swc\index.js
- C:\Dev\ZsxqCrawler\frontend\node_modules\next\dist\build\next-config-ts\transpile-config.js
- C:\Dev\ZsxqCrawler\frontend\node_modules\next\dist\server\config.js
- C:\Dev\ZsxqCrawler\frontend\node_modules\next\dist\cli\next-test.js
- C:\Dev\ZsxqCrawler\frontend\node_modules\next\dist\bin\next] {
  code: 'MODULE_NOT_FOUND',
  requireStack: [Array]
}
